SF:lib/modules/authentication/authentication_bloc/authentication_bloc.freezed.dart
DA:10,0
DA:12,0
DA:17,17
DA:19,0
DA:23,0
DA:24,0
DA:29,0
DA:39,0
DA:45,0
DA:46,0
DA:53,0
DA:54,0
DA:60,0
DA:61,0
DA:68,0
DA:81,0
DA:98,0
DA:99,0
DA:101,0
DA:102,0
DA:107,22
DA:109,0
DA:114,0
DA:116,0
DA:117,0
DA:120,3
DA:122,2
DA:125,0
DA:126,0
DA:128,0
DA:135,0
DA:138,0
DA:147,0
DA:149,0
DA:152,0
DA:159,0
DA:162,0
DA:171,0
DA:173,0
DA:193,0
DA:195,0
DA:197,0
DA:198,0
DA:200,0
DA:204,0
DA:205,0
DA:206,0
DA:215,2
DA:220,1
DA:222,2
DA:225,0
DA:227,0
DA:229,0
DA:230,0
DA:233,2
DA:236,2
DA:237,4
DA:238,0
DA:241,0
DA:243,0
DA:245,0
DA:248,0
DA:250,0
DA:257,0
DA:260,0
DA:269,0
DA:271,0
DA:274,0
DA:281,0
DA:284,0
DA:293,0
DA:295,0
DA:302,0
DA:303,0
DA:305,0
DA:319,0
DA:321,0
DA:323,0
DA:324,0
DA:331,37
DA:333,1
DA:338,0
DA:340,0
DA:342,0
DA:345,2
DA:347,2
DA:350,0
DA:351,0
DA:353,0
DA:360,0
DA:363,0
DA:372,0
DA:374,0
DA:377,0
DA:384,0
DA:387,0
DA:396,0
DA:398,0
DA:408,17
DA:410,0
DA:411,0
DA:416,0
DA:426,0
DA:431,0
DA:432,0
DA:438,0
DA:439,0
DA:446,0
DA:447,0
DA:455,0
DA:468,0
DA:487,0
DA:489,0
DA:491,0
DA:493,0
DA:495,0
DA:499,0
DA:500,0
DA:501,0
DA:512,3
DA:517,0
DA:519,0
DA:522,0
DA:524,0
DA:526,0
DA:528,0
DA:531,1
DA:534,1
DA:535,2
DA:536,0
DA:539,0
DA:541,0
DA:543,0
DA:547,0
DA:550,0
DA:556,0
DA:559,0
DA:567,0
DA:569,0
DA:572,0
DA:580,0
DA:583,0
DA:593,0
DA:595,0
DA:603,0
DA:604,0
DA:606,0
DA:621,0
DA:624,0
DA:626,0
DA:628,0
DA:635,19
DA:637,0
DA:642,0
DA:644,0
DA:646,0
DA:650,1
DA:652,1
DA:655,0
DA:656,0
DA:658,0
DA:664,0
DA:667,0
DA:675,0
DA:677,0
DA:680,0
DA:688,0
DA:691,0
DA:701,0
DA:703,0
LF:170
LH:22
end_of_record
SF:lib/modules/authentication/authentication_bloc/authentication_bloc.dart
DA:18,2
DA:21,4
DA:22,6
DA:23,5
DA:27,1
DA:29,1
DA:30,2
DA:31,1
DA:32,2
DA:36,1
DA:39,1
DA:40,2
DA:44,2
DA:46,4
DA:47,2
LF:15
LH:15
end_of_record
SF:lib/modules/authentication/models/confirmed_password.dart
DA:3,15
DA:7,17
DA:8,4
DA:9,2
DA:13,2
DA:15,4
LF:6
LH:6
end_of_record
SF:lib/modules/authentication/models/email.dart
DA:3,15
DA:6,22
DA:7,10
DA:9,9
DA:14,3
DA:16,6
LF:6
LH:6
end_of_record
SF:lib/modules/authentication/models/password.dart
DA:3,16
DA:6,22
DA:7,11
DA:9,6
DA:10,3
DA:12,3
DA:14,6
LF:7
LH:7
end_of_record
SF:lib/modules/sign_up/cubit/sign_up_cubit.dart
DA:10,6
DA:14,1
DA:15,1
DA:16,3
DA:18,2
DA:20,2
DA:21,2
DA:26,1
DA:27,1
DA:28,1
DA:29,1
DA:30,3
DA:32,3
DA:35,2
DA:36,2
DA:38,2
DA:43,1
DA:44,1
DA:45,3
DA:48,3
DA:50,2
DA:51,2
DA:52,2
DA:58,1
DA:59,3
DA:60,3
DA:62,2
DA:63,3
DA:64,3
DA:66,0
DA:68,3
LF:31
LH:30
end_of_record
SF:lib/modules/sign_up/cubit/sign_up_state.dart
DA:3,15
DA:6,20
DA:18,2
DA:19,10
DA:21,2
DA:27,2
DA:28,2
DA:29,2
DA:30,2
DA:31,1
LF:10
LH:10
end_of_record
SF:lib/modules/sign_up/view/sign_up_form.dart
DA:7,3
DA:9,3
DA:10,1
DA:11,2
DA:12,1
DA:13,1
DA:14,1
DA:19,3
DA:21,3
DA:23,3
DA:24,3
DA:26,3
DA:28,3
DA:30,3
DA:39,3
DA:41,3
DA:42,4
DA:43,3
DA:44,3
DA:46,3
DA:48,3
DA:51,6
DA:60,3
DA:62,3
DA:63,4
DA:64,3
DA:65,3
DA:67,1
DA:68,2
DA:70,3
DA:73,6
DA:82,3
DA:84,3
DA:85,1
DA:86,3
DA:87,3
DA:88,3
DA:89,3
DA:91,1
DA:92,1
DA:93,1
DA:95,3
DA:98,6
DA:109,3
DA:111,3
DA:112,4
DA:113,3
DA:114,6
DA:116,3
DA:119,3
DA:120,3
DA:121,3
DA:125,6
DA:126,3
LF:54
LH:54
end_of_record
SF:lib/modules/sign_up/view/sign_up_page.dart
DA:8,17
DA:10,2
DA:11,3
DA:14,2
DA:16,2
DA:17,2
DA:18,2
DA:20,2
DA:21,6
DA:22,2
LF:10
LH:10
end_of_record
SF:lib/modules/home/view/home_page.dart
DA:7,0
DA:8,0
DA:11,0
DA:13,0
DA:14,0
DA:15,0
DA:16,0
DA:17,0
DA:19,0
DA:20,0
DA:23,0
DA:24,0
DA:25,0
DA:29,0
DA:31,0
DA:33,0
DA:34,0
DA:36,0
DA:38,0
LF:19
LH:0
end_of_record
SF:lib/modules/home/widgets/avatar.dart
DA:6,2
DA:10,1
DA:12,1
DA:14,3
DA:15,1
LF:5
LH:5
end_of_record
SF:lib/modules/splash/view/splash_page.dart
DA:4,1
DA:5,3
DA:8,2
DA:10,2
DA:11,2
DA:12,2
LF:6
LH:6
end_of_record
SF:lib/app.dart
DA:14,1
DA:15,1
DA:17,1
DA:19,1
DA:20,1
DA:21,1
DA:22,2
DA:23,1
DA:24,1
DA:31,2
DA:33,1
DA:34,1
DA:40,0
DA:42,1
DA:44,1
DA:45,1
DA:46,1
DA:47,1
DA:48,1
DA:49,0
DA:50,0
DA:51,0
DA:52,0
DA:53,0
DA:54,0
DA:55,0
DA:58,0
DA:59,0
DA:60,0
DA:61,0
DA:69,2
LF:31
LH:19
end_of_record
SF:lib/theme.dart
DA:4,3
DA:5,1
DA:11,1
DA:12,1
DA:13,1
LF:5
LH:5
end_of_record
SF:lib/modules/login/cubit/login_state.dart
DA:4,6
DA:14,2
DA:15,8
DA:17,2
DA:22,2
DA:23,2
DA:24,2
DA:25,1
LF:8
LH:8
end_of_record
SF:lib/modules/login/cubit/login_cubit.dart
DA:11,6
DA:15,1
DA:16,1
DA:17,3
DA:19,4
DA:23,1
DA:24,1
DA:25,3
DA:27,4
DA:31,1
DA:32,3
DA:33,3
DA:35,2
DA:36,3
DA:37,3
DA:39,0
DA:40,1
DA:41,0
DA:46,1
DA:47,3
DA:49,2
DA:50,0
DA:51,1
DA:52,3
DA:53,1
DA:54,3
LF:26
LH:23
end_of_record
SF:lib/modules/login/view/login_form.dart
DA:9,4
DA:11,2
DA:13,2
DA:14,1
DA:15,2
DA:16,1
DA:17,1
DA:18,1
DA:23,2
DA:25,2
DA:26,2
DA:28,2
DA:29,2
DA:34,2
DA:36,2
DA:38,2
DA:40,2
DA:42,2
DA:52,2
DA:54,2
DA:55,4
DA:56,2
DA:57,2
DA:59,3
DA:61,2
DA:64,4
DA:73,2
DA:75,2
DA:76,4
DA:77,2
DA:78,2
DA:80,1
DA:81,2
DA:83,2
DA:86,4
DA:95,2
DA:97,2
DA:98,4
DA:99,2
DA:100,4
DA:102,2
DA:104,2
DA:105,2
DA:106,2
DA:111,4
DA:112,3
DA:121,2
DA:123,2
DA:124,2
DA:130,2
DA:131,2
DA:132,2
DA:134,2
DA:137,0
DA:143,2
DA:145,2
DA:146,2
DA:148,2
DA:150,4
DA:152,4
LF:60
LH:59
end_of_record
SF:lib/modules/login/view/login_page.dart
DA:10,1
DA:11,1
DA:14,2
DA:16,1
DA:18,1
DA:19,1
DA:20,1
DA:22,1
DA:23,3
DA:24,1
LF:10
LH:10
end_of_record
